<?xml version="1.0" encoding="utf-8"?><testsuites name="pytest tests"><testsuite name="pytest" errors="0" failures="2" skipped="0" tests="9" time="168.216" timestamp="2026-08-20T02:49:50.034735+00:00" hostname="agent-env-3d2fce82-df06-4551-a317-10b3d3af21c4"><testcase classname="tests.test_latest_updates" name="test_health" time="0.888" /><testcase classname="tests.test_latest_updates" name="test_search_window_days_default_and_env" time="4.674" /><testcase classname="tests.test_latest_updates" name="test_search_candidates_drops_out_of_window" time="0.005" /><testcase classname="tests.test_latest_updates" name="test_summarize_then_latest_updates[kompas]" time="41.018" /><testcase classname="tests.test_latest_updates" name="test_summarize_then_latest_updates[ihsg]" time="45.283" /><testcase classname="tests.test_latest_updates" name="test_summarize_then_latest_updates[antm]" time="16.534"><failure message="AssertionError: [antm] has_update expected true; reason=Skor deterministik 0/3 — 0 domain sumber independen (&lt;4); 0/0 peristiwa timeline terkorroborasi oleh &gt;=2 domain (0%); tanggal sumber terbaru tidak diketahui.&#10;assert False is True&#10; +  where False = &lt;built-in method get of dict object at 0x79bf91ee6cc0&gt;('has_update')&#10; +    where &lt;built-in method get of dict object at 0x79bf91ee6cc0&gt; = {'has_update': False, 'overview': '', 'developments': [], 'timeline': [{'date': '2026-01-21', 'event': 'Harga emas dunia melonjak 1,6% ke US$4.838,91 per troy ons (puncak sesi US$4.887,82) menyusul ketegangan geopolitik dan ancaman tarif Greenland oleh Trump', 'sources': ['https://www.cnbc.com/2026/01/21/gold-powers-above-4800-as-global-risks-fan-record-safe-haven-rally.html', 'https://www.cnbc.com/2026/01/21/gold-prices-surge-record-4800-safe-haven-demand.html']}, {'date': '2026-01-28', 'event': 'Emas dunia menembus US$5.200 per troy ons, naik lebih dari 3% melewati US$5.500 per troy ons pada 29 Januari setelah Federal Reserve mempertahankan suku bunga di 3,5-3,75%', 'sources': ['https://www.cnbc.com/2026/01/29/asia-pacific-markets-us-fed-rates-gold-nikkei-225-hsi.html', 'https://www.reuters.com/business/gold-vaults-past-5200-record-high-2026-01-28/']}, {'date': '2026-08-17', 'event': 'Harga emas Antam turun Rp10.000 menjadi Rp1,308 juta per gram, buyback Rp1,2 juta per gram — koreksi tajam lebih dari 51% dari rekor Januari', 'sources': ['https://aceh.antaranews.com/berita/359169/harga-emas-antam-hari-ini-merosot-jadi-rp1308-juta-gram']}], ...}.get">backend/tests/test_latest_updates.py:183: in test_summarize_then_latest_updates
    assert delta.get("has_update") is True, (
E   AssertionError: [antm] has_update expected true; reason=Skor deterministik 0/3 — 0 domain sumber independen (&lt;4); 0/0 peristiwa timeline terkorroborasi oleh &gt;=2 domain (0%); tanggal sumber terbaru tidak diketahui.
E   assert False is True
E    +  where False = &lt;built-in method get of dict object at 0x79bf91ee6cc0&gt;('has_update')
E    +    where &lt;built-in method get of dict object at 0x79bf91ee6cc0&gt; = {'has_update': False, 'overview': '', 'developments': [], 'timeline': [{'date': '2026-01-21', 'event': 'Harga emas dunia melonjak 1,6% ke US$4.838,91 per troy ons (puncak sesi US$4.887,82) menyusul ketegangan geopolitik dan ancaman tarif Greenland oleh Trump', 'sources': ['https://www.cnbc.com/2026/01/21/gold-powers-above-4800-as-global-risks-fan-record-safe-haven-rally.html', 'https://www.cnbc.com/2026/01/21/gold-prices-surge-record-4800-safe-haven-demand.html']}, {'date': '2026-01-28', 'event': 'Emas dunia menembus US$5.200 per troy ons, naik lebih dari 3% melewati US$5.500 per troy ons pada 29 Januari setelah Federal Reserve mempertahankan suku bunga di 3,5-3,75%', 'sources': ['https://www.cnbc.com/2026/01/29/asia-pacific-markets-us-fed-rates-gold-nikkei-225-hsi.html', 'https://www.reuters.com/business/gold-vaults-past-5200-record-high-2026-01-28/']}, {'date': '2026-08-17', 'event': 'Harga emas Antam turun Rp10.000 menjadi Rp1,308 juta per gram, buyback Rp1,2 juta per gram — koreksi tajam lebih dari 51% dari rekor Januari', 'sources': ['https://aceh.antaranews.com/berita/359169/harga-emas-antam-hari-ini-merosot-jadi-rp1308-juta-gram']}], ...}.get</failure></testcase><testcase classname="tests.test_latest_updates" name="test_summarize_then_latest_updates[rupiah]" time="56.650" /><testcase classname="tests.test_latest_updates" name="test_empty_cache_ttl_behavior" time="0.046"><failure message="assert None is not None">backend/tests/test_latest_updates.py:236: in test_empty_cache_ttl_behavior
    asyncio.run(_run())
/usr/local/lib/python3.11/asyncio/runners.py:190: in run
    return runner.run(main)
           ^^^^^^^^^^^^^^^^
/usr/local/lib/python3.11/asyncio/runners.py:118: in run
    return self._loop.run_until_complete(task)
           ^^^^^^^^^^^^^^^^^^^^^^^^^^^^^^^^^^^
/usr/local/lib/python3.11/asyncio/base_events.py:654: in run_until_complete
    return future.result()
           ^^^^^^^^^^^^^^^
backend/tests/test_latest_updates.py:225: in _run
    assert cached is not None
E   assert None is not None</failure></testcase><testcase classname="tests.test_latest_updates" name="test_merge_timeline_drops_undated" time="0.003" /></testsuite></testsuites>