<?xml version="1.0" encoding="utf-8"?><testsuites name="pytest tests"><testsuite name="pytest" errors="0" failures="0" skipped="0" tests="8" time="13.830" timestamp="2026-07-25T09:56:53.867402+00:00" hostname="agent-env-399c3323-ee30-4aa3-88dd-968fe46160cb"><testcase classname="tests.test_iteration3_sentiment_recent.TestSummarizeSentimentAndReferences" name="test_summarize_returns_valid_sentiment_and_bias" time="0.288" /><testcase classname="tests.test_iteration3_sentiment_recent.TestSummarizeSentimentAndReferences" name="test_summarize_references_all_have_http_urls" time="0.052" /><testcase classname="tests.test_iteration3_sentiment_recent.TestTranslateSentimentEnglish" name="test_translate_en_preserves_tone_literal_translates_explanation" time="12.940" /><testcase classname="tests.test_iteration3_sentiment_recent.TestTranslateSentimentEnglish" name="test_translate_en_references_still_all_http" time="0.051" /><testcase classname="tests.test_iteration3_sentiment_recent.TestRecentEndpoint" name="test_recent_returns_expected_shape" time="0.049" /><testcase classname="tests.test_iteration3_sentiment_recent.TestRecentEndpoint" name="test_recent_newest_first" time="0.065" /><testcase classname="tests.test_iteration3_sentiment_recent.TestRecentEndpoint" name="test_recent_excludes_expired_rows" time="0.053" /><testcase classname="tests.test_iteration3_sentiment_recent.TestRecentEndpoint" name="test_recent_does_not_charge_rate_limit" time="0.269" /></testsuite></testsuites>