<?xml version="1.0" encoding="utf-8"?><testsuites name="pytest tests"><testsuite name="pytest" errors="0" failures="0" skipped="0" tests="11" time="194.502" timestamp="2026-08-20T03:02:51.412369+00:00" hostname="agent-env-3d2fce82-df06-4551-a317-10b3d3af21c4"><testcase classname="tests.test_latest_updates" name="test_health" time="1.754" /><testcase classname="tests.test_latest_updates" name="test_search_window_days_default_and_env" time="4.462" /><testcase classname="tests.test_latest_updates" name="test_search_candidates_drops_out_of_window" time="0.004" /><testcase classname="tests.test_latest_updates" name="test_summarize_then_latest_updates[kompas]" time="40.220" /><testcase classname="tests.test_latest_updates" name="test_summarize_then_latest_updates[ihsg]" time="47.473" /><testcase classname="tests.test_latest_updates" name="test_summarize_then_latest_updates[antm]" time="13.143" /><testcase classname="tests.test_latest_updates" name="test_summarize_then_latest_updates[rupiah]" time="49.822" /><testcase classname="tests.test_latest_updates" name="test_empty_cache_ttl_behavior" time="0.042" /><testcase classname="tests.test_latest_updates" name="test_merge_timeline_drops_undated" time="0.001" /><testcase classname="tests.test_latest_updates" name="test_consistency_invariant_all_urls" time="1.652" /><testcase classname="tests.test_latest_updates" name="test_forced_accumulated_overlay_via_seed" time="32.938" /></testsuite></testsuites>