<?xml version="1.0" encoding="utf-8"?><testsuites name="pytest tests"><testsuite name="pytest" errors="0" failures="0" skipped="0" tests="8" time="18.503" timestamp="2026-07-25T09:39:50.361753+00:00" hostname="agent-env-399c3323-ee30-4aa3-88dd-968fe46160cb"><testcase classname="tests.test_translate_language.TestSummarizeLanguage" name="test_summarize_returns_indonesian_language_label" time="0.707" /><testcase classname="tests.test_translate_language.TestSummarizeLanguage" name="test_summarize_cache_hit_does_not_decrement_rate" time="0.148" /><testcase classname="tests.test_translate_language.TestTranslateValidation" name="test_translate_bad_target_returns_422" time="0.045" /><testcase classname="tests.test_translate_language.TestTranslateValidation" name="test_translate_invalid_url_returns_400" time="0.045" /><testcase classname="tests.test_translate_language.TestTranslateValidation" name="test_translate_url_not_summarized_returns_404" time="0.045" /><testcase classname="tests.test_translate_language.TestTranslateIndonesian" name="test_translate_target_id_returns_primary_payload_no_charge" time="0.142" /><testcase classname="tests.test_translate_language.TestTranslateEnglish" name="test_a_first_en_call_charges_rate_limit" time="17.206" /><testcase classname="tests.test_translate_language.TestTranslateEnglish" name="test_b_second_en_call_is_cached_no_charge" time="0.051" /></testsuite></testsuites>